#sdk/evil2671116608.sdk
- - 3 4 - - 9 7 - 
9 - - - 5 - - - 1 
- - - - 1 - 2 - 5 
- - 8 - - 2 - - - 
6 - - - - - - - 2 
- - - 9 - - 3 - - 
1 - 5 - 4 - - - - 
8 - - - 9 - - - 3 
- 3 6 - - 7 4 - - 
26 cells given

tactic_1_only_num_for_cell start.....
        3 cells done: 
        1 cells done: 
tactic_2_only_cell_in_nn start.....
        8 cells done: 
        3 cells done: 
tactic_3_dame_cells start.....
tactic_4a_intersection_nn start.....
tactic_4b_intersection_box start.....
tactic_5_alternatives start.....
        2 cells done: 
        3 cells done: 
        5 cells done: 
        5 cells done: 
        13 cells done: 
        11 cells done: 
        1 cells done: 
TOTAL 55 cells done.

5 1 3 4 2 8 9 7 6 
9 6 2 7 5 3 8 4 1 
7 8 4 6 1 9 2 3 5 
3 5 8 1 7 2 6 9 4 
6 7 9 8 3 4 1 5 2 
4 2 1 9 6 5 3 8 7 
1 9 5 3 4 6 7 2 8 
8 4 7 2 9 1 5 6 3 
2 3 6 5 8 7 4 1 9 

solved!

#sdk/evil4030792854.sdk
- - - - 3 - - 2 7 
- - - - - 4 - 5 - 
- 2 5 - - - - - 8 
- 3 - - - 9 - - - 
- - 8 3 1 5 4 - - 
- - - 2 - - - 9 - 
9 - - - - - 1 8 - 
- 8 - 1 - - - - - 
1 7 - - 6 - - - - 
25 cells given

tactic_1_only_num_for_cell start.....
tactic_2_only_cell_in_nn start.....
        4 cells done: 
        3 cells done: 
tactic_3_dame_cells start.....
        1 cells done: 
tactic_4a_intersection_nn start.....
tactic_4b_intersection_box start.....
tactic_5_alternatives start.....
TOTAL 8 cells done.

tactic_1_only_num_for_cell start.....
        2 cells done: 
tactic_2_only_cell_in_nn start.....
tactic_3_dame_cells start.....
tactic_4a_intersection_nn start.....
tactic_4b_intersection_box start.....
tactic_5_alternatives start.....
TOTAL 2 cells done.

tactic_1_only_num_for_cell start.....
tactic_2_only_cell_in_nn start.....
tactic_3_dame_cells start.....
tactic_4a_intersection_nn start.....
tactic_4b_intersection_box start.....
tactic_5_alternatives start.....
TOTAL 0 cells done.

- - - 5 3 - - 2 7 
- 6 - - 2 4 - 5 1 
- 2 5 - - 1 - 4 8 
- 3 - - - 9 - 1 - 
- 9 8 3 1 5 4 - - 
- - - 2 - - - 9 3 
9 - - - - - 1 8 - 
- 8 - 1 - - - - - 
1 7 - - 6 - - 3 - 

incomplete.
 I filled 10 cells. 46 cells remains

#sdk/evil7310846494.sdk
- 8 6 - - 5 - - - 
- 3 - - - - - 5 - 
4 - - - - - 8 - 6 
- - 9 1 4 - - - 8 
1 - - - - - - - 9 
6 - - - 7 9 5 - - 
9 - 3 - - - - - 5 
- 7 - - - - - 3 - 
- - - 8 - - 9 4 - 
26 cells given

tactic_1_only_num_for_cell start.....
tactic_2_only_cell_in_nn start.....
        9 cells done: 
        3 cells done: 
        1 cells done: 
tactic_3_dame_cells start.....
tactic_4a_intersection_nn start.....
tactic_4b_intersection_box start.....
tactic_5_alternatives start.....
TOTAL 13 cells done.

tactic_1_only_num_for_cell start.....
tactic_2_only_cell_in_nn start.....
tactic_3_dame_cells start.....
tactic_4a_intersection_nn start.....
tactic_4b_intersection_box start.....
tactic_5_alternatives start.....
TOTAL 0 cells done.

- 8 6 - - 5 - 9 - 
- 3 1 - - - - 5 - 
4 9 5 - - - 8 - 6 
3 5 9 1 4 - - - 8 
1 - 7 - - - - - 9 
6 - 8 - 7 9 5 - - 
9 - 3 - - - - 8 5 
8 7 4 - - - - 3 - 
5 - 2 8 - - 9 4 - 

incomplete.
 I filled 13 cells. 42 cells remains

