#sdk/9115.sdk
- - 4 - 1 - - 3 - 
2 - - 3 - 8 6 - 9 
- 8 1 6 - - - - 7 
- - 6 - - 5 9 - - 
1 - 8 - - 3 4 - 2 
- - 7 9 - 4 3 - - 
7 - - - - 2 1 8 - 
8 - 3 5 - 6 - - 4 
- 4 - - 7 - 5 - - 
36 cells given

tactic_1_only_num_for_cell start.....
        27 cells done: 
        17 cells done: 
        1 cells done: 
:TOTAL 45 cells done.

9 6 4 2 1 7 8 3 5 
2 7 5 3 4 8 6 1 9 
3 8 1 6 5 9 2 4 7 
4 3 6 1 2 5 9 7 8 
1 9 8 7 6 3 4 5 2 
5 2 7 9 8 4 3 6 1 
7 5 9 4 3 2 1 8 6 
8 1 3 5 9 6 7 2 4 
6 4 2 8 7 1 5 9 3 

solved!

#sdk/difficult1.sdk
5 - - - - 4 3 - - 
- - 3 - 7 - - 1 - 
- - - - 8 - - - 6 
3 - - - - 6 - 8 - 
- - 7 - - - 5 - - 
- 4 - 2 - - - - 9 
8 - - - 6 - - - - 
- 6 - - 5 - 7 - - 
- - 9 3 - - - - 2 
24 cells given

tactic_1_only_num_for_cell start.....
tactic_2_only_cell_in_nn start.....
        3 cells done: 
tactic_3_dame_cells start.....
tactic_4a_intersection_nn start.....
tactic_4b_intersection_box start.....
tactic_5_alternatives start.....
        3 cells done: 
        11 cells done: 
        10 cells done: 
        17 cells done: 
        12 cells done: 
        1 cells done: 
:TOTAL 57 cells done.

5 8 6 1 2 4 3 9 7 
4 2 3 6 7 9 8 1 5 
9 7 1 5 8 3 4 2 6 
3 1 5 7 9 6 2 8 4 
2 9 7 8 4 1 5 6 3 
6 4 8 2 3 5 1 7 9 
8 3 2 4 6 7 9 5 1 
1 6 4 9 5 2 7 3 8 
7 5 9 3 1 8 6 4 2 

solved!

#sdk/easy1.sdk
2 7 6 - - - - 8 - 
3 - - 8 - - - 1 5 
5 - - 2 - 9 7 - - 
- 8 2 3 - - 4 - - 
- - - - 5 - - - - 
- - 1 - - 4 3 6 - 
- - 4 5 - 8 - - 7 
1 6 - - - 3 - - 4 
- 3 - - - - 5 2 1 
33 cells given

tactic_1_only_num_for_cell start.....
        16 cells done: 
        25 cells done: 
        7 cells done: 
:TOTAL 48 cells done.

2 7 6 1 4 5 9 8 3 
3 4 9 8 6 7 2 1 5 
5 1 8 2 3 9 7 4 6 
6 8 2 3 7 1 4 5 9 
4 9 3 6 5 2 1 7 8 
7 5 1 9 8 4 3 6 2 
9 2 4 5 1 8 6 3 7 
1 6 5 7 2 3 8 9 4 
8 3 7 4 9 6 5 2 1 

solved!

#sdk/evil2671116608.sdk
- - 3 4 - - 9 7 - 
9 - - - 5 - - - 1 
- - - - 1 - 2 - 5 
- - 8 - - 2 - - - 
6 - - - - - - - 2 
- - - 9 - - 3 - - 
1 - 5 - 4 - - - - 
8 - - - 9 - - - 3 
- 3 6 - - 7 4 - - 
26 cells given

tactic_1_only_num_for_cell start.....
        3 cells done: 
        1 cells done: 
tactic_2_only_cell_in_nn start.....
        8 cells done: 
        3 cells done: 
tactic_3_dame_cells start.....
tactic_4a_intersection_nn start.....
tactic_4b_intersection_box start.....
tactic_5_alternatives start.....
        2 cells done: 
        3 cells done: 
        9 cells done: 
        11 cells done: 
        9 cells done: 
        5 cells done: 
        1 cells done: 
:TOTAL 55 cells done.

5 1 3 4 2 8 9 7 6 
9 6 2 7 5 3 8 4 1 
7 8 4 6 1 9 2 3 5 
3 5 8 1 7 2 6 9 4 
6 7 9 8 3 4 1 5 2 
4 2 1 9 6 5 3 8 7 
1 9 5 3 4 6 7 2 8 
8 4 7 2 9 1 5 6 3 
2 3 6 5 8 7 4 1 9 

solved!

#sdk/evil4030792854.sdk
- - - - 3 - - 2 7 
- - - - - 4 - 5 - 
- 2 5 - - - - - 8 
- 3 - - - 9 - - - 
- - 8 3 1 5 4 - - 
- - - 2 - - - 9 - 
9 - - - - - 1 8 - 
- 8 - 1 - - - - - 
1 7 - - 6 - - - - 
25 cells given

tactic_1_only_num_for_cell start.....
tactic_2_only_cell_in_nn start.....
        4 cells done: 
        3 cells done: 
tactic_3_dame_cells start.....
        1 cells done: 
tactic_4a_intersection_nn start.....
tactic_4b_intersection_box start.....
tactic_5_alternatives start.....
:TOTAL 8 cells done.

tactic_1_only_num_for_cell start.....
        2 cells done: 
tactic_2_only_cell_in_nn start.....
tactic_3_dame_cells start.....
tactic_4a_intersection_nn start.....
tactic_4b_intersection_box start.....
tactic_5_alternatives start.....
:TOTAL 2 cells done.

tactic_1_only_num_for_cell start.....
tactic_2_only_cell_in_nn start.....
tactic_3_dame_cells start.....
tactic_4a_intersection_nn start.....
tactic_4b_intersection_box start.....
tactic_5_alternatives start.....
:TOTAL 0 cells done.

- - - 5 3 - - 2 7 
- 6 - - 2 4 - 5 1 
- 2 5 - - 1 - 4 8 
- 3 - - - 9 - 1 - 
- 9 8 3 1 5 4 - - 
- - - 2 - - - 9 3 
9 - - - - - 1 8 - 
- 8 - 1 - - - - - 
1 7 - - 6 - - 3 - 

incomplete.
 I filled 10 cells. 46 cells remains

#sdk/evil7310846494.sdk
- 8 6 - - 5 - - - 
- 3 - - - - - 5 - 
4 - - - - - 8 - 6 
- - 9 1 4 - - - 8 
1 - - - - - - - 9 
6 - - - 7 9 5 - - 
9 - 3 - - - - - 5 
- 7 - - - - - 3 - 
- - - 8 - - 9 4 - 
26 cells given

tactic_1_only_num_for_cell start.....
tactic_2_only_cell_in_nn start.....
        9 cells done: 
        3 cells done: 
        1 cells done: 
tactic_3_dame_cells start.....
tactic_4a_intersection_nn start.....
tactic_4b_intersection_box start.....
tactic_5_alternatives start.....
:TOTAL 13 cells done.

tactic_1_only_num_for_cell start.....
tactic_2_only_cell_in_nn start.....
tactic_3_dame_cells start.....
tactic_4a_intersection_nn start.....
tactic_4b_intersection_box start.....
tactic_5_alternatives start.....
:TOTAL 0 cells done.

- 8 6 - - 5 - 9 - 
- 3 1 - - - - 5 - 
4 9 5 - - - 8 - 6 
3 5 9 1 4 - - - 8 
1 - 7 - - - - - 9 
6 - 8 - 7 9 5 - - 
9 - 3 - - - - 8 5 
8 7 4 - - - - 3 - 
5 - 2 8 - - 9 4 - 

incomplete.
 I filled 13 cells. 42 cells remains

#sdk/medium1.sdk
- - 2 - 1 - - - 6 
- 5 - - - - - 7 - 
1 - - - 2 - 8 - - 
- - 3 - - - - - 2 
- 1 - 2 9 3 - 4 - 
5 - - - - - 6 - - 
- - 6 - 7 - - - 3 
- 9 - - - - - 8 - 
2 - - - 4 - 1 - - 
25 cells given

tactic_1_only_num_for_cell start.....
        1 cells done: 
tactic_2_only_cell_in_nn start.....
        14 cells done: 
        24 cells done: 
        16 cells done: 
        1 cells done: 
:TOTAL 56 cells done.

4 7 2 5 1 8 3 9 6 
3 5 8 9 6 4 2 7 1 
1 6 9 3 2 7 8 5 4 
9 8 3 4 5 6 7 1 2 
6 1 7 2 9 3 5 4 8 
5 2 4 7 8 1 6 3 9 
8 4 6 1 7 5 9 2 3 
7 9 1 6 3 2 4 8 5 
2 3 5 8 4 9 1 6 7 

solved!

#sdk/problem1.sdk
#problem 1 (24 given numbers)
- - - - 8 - - - - 
2 9 - - - 6 1 7 - 
- 5 - 7 - 9 - - - 
- - 4 - - - 5 - - 
1 - - - 4 - - - 3 
- - 6 - - - 8 - - 
- - - - - 8 - 9 - 
- 6 1 - - - - 4 5 
- 2 - - 3 - - - - 
24 cells given

tactic_1_only_num_for_cell start.....
        1 cells done: 
tactic_2_only_cell_in_nn start.....
        11 cells done: 
        14 cells done: 
        15 cells done: 
        6 cells done: 
        10 cells done: 
:TOTAL 57 cells done.

6 1 7 3 8 2 4 5 9 
2 9 3 4 5 6 1 7 8 
4 5 8 7 1 9 2 3 6 
9 8 4 6 2 3 5 1 7 
1 7 2 8 4 5 9 6 3 
5 3 6 9 7 1 8 2 4 
3 4 5 1 6 8 7 9 2 
8 6 1 2 9 7 3 4 5 
7 2 9 5 3 4 6 8 1 

solved!

#sdk/problem2.sdk
#Problem 2 (Hard) 25 numbers given
- - - - 3 - - - - 
- 8 - 9 - 5 - 6 - 
4 - 7 - - - 3 - 9 
- - - 1 - 3 - - - 
- 6 - - 4 - - 1 - 
- - - 8 - 6 - - - 
9 - 2 - - - 6 - 7 
- 7 - 4 - 8 - 9 - 
- - - - 9 - - - - 
25 cells given

tactic_1_only_num_for_cell start.....
        1 cells done: 
        3 cells done: 
        5 cells done: 
        8 cells done: 
        5 cells done: 
        6 cells done: 
        7 cells done: 
        6 cells done: 
        13 cells done: 
        2 cells done: 
:TOTAL 56 cells done.

6 9 5 7 3 4 1 2 8 
2 8 3 9 1 5 7 6 4 
4 1 7 6 8 2 3 5 9 
5 2 9 1 7 3 8 4 6 
7 6 8 5 4 9 2 1 3 
1 3 4 8 2 6 9 7 5 
9 4 2 3 5 1 6 8 7 
3 7 1 4 6 8 5 9 2 
8 5 6 2 9 7 4 3 1 

solved!

