
#sdk/evil10126627874.sdk
- - - - 1 - - - - 
3 2 1 6 - - - - - 
6 9 - - - - 4 - 7 
- 1 - - - 3 8 - - 
2 - - - - - - - 6 
- - 4 5 - - - 2 - 
4 - 3 - - - - 7 1 
- - - - - 7 6 5 4 
- - - - 5 - - - - 
26 cells given

tactic_1_only_num_for_cell start.....
        1 cells done: 
tactic_2_only_cell_in_nn start.....
        5 cells done: 
tactic_3_all_canbe_in_row_or_col start.....
        2 cells done: 
tactic_4a_all_empty_cell_in_box start.....
tactic_4b_all_empty_cell_in_row_or_column start.....
tactic_5_complement start.....
tactic_6_alternative_ok_cells start.....
        8 cells done: 
tactic_7_alternative_cells_canbe start.....
        1 cells done: 
tactic_8_alternative_ok_cells_R start.....
        3 cells done: 
:TOTAL 20 cells done.

tactic_1_only_num_for_cell start.....
tactic_2_only_cell_in_nn start.....
        1 cells done: 
tactic_3_all_canbe_in_row_or_col start.....
        3 cells done: 
tactic_4a_all_empty_cell_in_box start.....
tactic_4b_all_empty_cell_in_row_or_column start.....
tactic_5_complement start.....
        17 cells done: 
tactic_6_alternative_ok_cells start.....
        14 cells done: 
:TOTAL 35 cells done.

5 4 7 8 1 9 3 6 2 
3 2 1 6 7 4 5 8 9 
6 9 8 3 2 5 4 1 7 
7 1 9 2 6 3 8 4 5 
2 3 5 7 4 8 1 9 6 
8 6 4 5 9 1 7 2 3 
4 5 3 9 8 6 2 7 1 
9 8 2 1 3 7 6 5 4 
1 7 6 4 5 2 9 3 8 

solved! I filled 55 cells.


#sdk/evil1243180021.sdk
- - - - - - - - 3 
6 1 - 4 - 5 - - - 
- 4 - 3 - - 8 - - 
- 6 1 - 7 - 4 - - 
2 - - - - - - - 1 
- - 9 - 2 - 3 6 - 
- - 6 - - 8 - 1 - 
- - - 9 - 4 - 3 2 
5 - - - - - - - - 
26 cells given

tactic_1_only_num_for_cell start.....
        1 cells done: 
tactic_2_only_cell_in_nn start.....
        16 cells done: 
tactic_3_all_canbe_in_row_or_col start.....
        1 cells done: 
tactic_4a_all_empty_cell_in_box start.....
tactic_4b_all_empty_cell_in_row_or_column start.....
tactic_5_complement start.....
        4 cells done: 
tactic_6_alternative_ok_cells start.....
        25 cells done: 
tactic_7_alternative_cells_canbe start.....
        8 cells done: 
:TOTAL 55 cells done.

7 5 8 2 9 6 1 4 3 
6 1 3 4 8 5 2 9 7 
9 4 2 3 1 7 8 5 6 
8 6 1 5 7 3 4 2 9 
2 3 5 6 4 9 7 8 1 
4 7 9 8 2 1 3 6 5 
3 2 6 7 5 8 9 1 4 
1 8 7 9 6 4 5 3 2 
5 9 4 1 3 2 6 7 8 

solved! I filled 55 cells.


#sdk/evil2555608378.sdk
- - 7 4 - - - 6 - 
- - - - - - 1 - 3 
- 1 - - 9 6 - - - 
- - 8 1 - - - - - 
9 - 3 - 7 - 2 - 4 
- - - - - 4 5 - - 
- - - 6 5 - - 7 - 
7 - 4 - - - - - - 
- 2 - - - 8 9 - - 
25 cells given

tactic_1_only_num_for_cell start.....
        2 cells done: 
tactic_2_only_cell_in_nn start.....
        9 cells done: 
tactic_3_all_canbe_in_row_or_col start.....
        3 cells done: 
tactic_4a_all_empty_cell_in_box start.....
tactic_4b_all_empty_cell_in_row_or_column start.....
tactic_5_complement start.....
tactic_6_alternative_ok_cells start.....
        23 cells done: 
tactic_7_alternative_cells_canbe start.....
        9 cells done: 
tactic_8_alternative_ok_cells_R start.....
        10 cells done: 
:TOTAL 56 cells done.

3 5 7 4 2 1 8 6 9 
4 9 6 5 8 7 1 2 3 
8 1 2 3 9 6 7 4 5 
5 4 8 1 6 2 3 9 7 
9 6 3 8 7 5 2 1 4 
2 7 1 9 3 4 5 8 6 
1 8 9 6 5 3 4 7 2 
7 3 4 2 1 9 6 5 8 
6 2 5 7 4 8 9 3 1 

solved! I filled 56 cells.


#sdk/evil2630870942.sdk
7 - 9 5 - - - - - 
- 5 - - - - 8 - - 
- - - - 3 - - 7 1 
- - - - - 1 2 - 9 
- 6 - - 2 - - 4 - 
5 - 2 7 - - - - - 
1 9 - - 6 - - - - 
- - 8 - - - - 2 - 
- - - - - 3 4 - 7 
25 cells given

tactic_1_only_num_for_cell start.....
        1 cells done: 
tactic_2_only_cell_in_nn start.....
        5 cells done: 
tactic_3_all_canbe_in_row_or_col start.....
        6 cells done: 
tactic_4a_all_empty_cell_in_box start.....
tactic_4b_all_empty_cell_in_row_or_column start.....
tactic_5_complement start.....
        1 cells done: 
tactic_6_alternative_ok_cells start.....
        8 cells done: 
tactic_7_alternative_cells_canbe start.....
        2 cells done: 
tactic_8_alternative_ok_cells_R start.....
        6 cells done: 
:TOTAL 29 cells done.

tactic_1_only_num_for_cell start.....
        1 cells done: 
tactic_2_only_cell_in_nn start.....
        5 cells done: 
tactic_3_all_canbe_in_row_or_col start.....
        17 cells done: 
tactic_4a_all_empty_cell_in_box start.....
tactic_4b_all_empty_cell_in_row_or_column start.....
        1 cells done: 
tactic_5_complement start.....
        3 cells done: 
:TOTAL 27 cells done.

7 1 9 5 8 4 6 3 2 
2 5 3 1 7 6 8 9 4 
8 4 6 9 3 2 5 7 1 
4 3 7 6 5 1 2 8 9 
9 6 1 3 2 8 7 4 5 
5 8 2 7 4 9 1 6 3 
1 9 4 2 6 7 3 5 8 
3 7 8 4 1 5 9 2 6 
6 2 5 8 9 3 4 1 7 

solved! I filled 56 cells.


#sdk/evil2671116608.sdk
- - 3 4 - - 9 7 - 
9 - - - 5 - - - 1 
- - - - 1 - 2 - 5 
- - 8 - - 2 - - - 
6 - - - - - - - 2 
- - - 9 - - 3 - - 
1 - 5 - 4 - - - - 
8 - - - 9 - - - 3 
- 3 6 - - 7 4 - - 
26 cells given

tactic_1_only_num_for_cell start.....
        3 cells done: 
tactic_2_only_cell_in_nn start.....
        9 cells done: 
tactic_3_all_canbe_in_row_or_col start.....
        3 cells done: 
tactic_4a_all_empty_cell_in_box start.....
tactic_4b_all_empty_cell_in_row_or_column start.....
tactic_5_complement start.....
        2 cells done: 
tactic_6_alternative_ok_cells start.....
        7 cells done: 
tactic_7_alternative_cells_canbe start.....
        6 cells done: 
tactic_8_alternative_ok_cells_R start.....
        6 cells done: 
:TOTAL 36 cells done.

tactic_1_only_num_for_cell start.....
        8 cells done: 
tactic_2_only_cell_in_nn start.....
        11 cells done: 
:TOTAL 19 cells done.

5 1 3 4 2 8 9 7 6 
9 6 2 7 5 3 8 4 1 
7 8 4 6 1 9 2 3 5 
3 5 8 1 7 2 6 9 4 
6 7 9 8 3 4 1 5 2 
4 2 1 9 6 5 3 8 7 
1 9 5 3 4 6 7 2 8 
8 4 7 2 9 1 5 6 3 
2 3 6 5 8 7 4 1 9 

solved! I filled 55 cells.


#sdk/evil3496428479.sdk
- - - - - - - 3 - 
- - - - - - 1 2 6 
- - - 2 4 9 - 8 - 
- 6 - - - 7 2 - - 
8 - - - 3 - - - 5 
- - 5 4 - - - 1 - 
- 2 - 8 9 3 - - - 
9 5 7 - - - - - - 
- 8 - - - - - - - 
25 cells given

tactic_1_only_num_for_cell start.....
        1 cells done: 
tactic_2_only_cell_in_nn start.....
        1 cells done: 
tactic_3_all_canbe_in_row_or_col start.....
        3 cells done: 
tactic_4a_all_empty_cell_in_box start.....
tactic_4b_all_empty_cell_in_row_or_column start.....
tactic_5_complement start.....
tactic_6_alternative_ok_cells start.....
        4 cells done: 
tactic_7_alternative_cells_canbe start.....
        1 cells done: 
tactic_8_alternative_ok_cells_R start.....
        3 cells done: 
:TOTAL 13 cells done.

tactic_1_only_num_for_cell start.....
tactic_2_only_cell_in_nn start.....
        5 cells done: 
tactic_3_all_canbe_in_row_or_col start.....
        19 cells done: 
tactic_4a_all_empty_cell_in_box start.....
        3 cells done: 
tactic_4b_all_empty_cell_in_row_or_column start.....
        6 cells done: 
tactic_5_complement start.....
        9 cells done: 
tactic_6_alternative_ok_cells start.....
        1 cells done: 
:TOTAL 43 cells done.

2 7 8 6 1 5 9 3 4 
5 9 4 3 7 8 1 2 6 
6 1 3 2 4 9 5 8 7 
1 6 9 5 8 7 2 4 3 
8 4 2 9 3 1 6 7 5 
7 3 5 4 6 2 8 1 9 
4 2 6 8 9 3 7 5 1 
9 5 7 1 2 4 3 6 8 
3 8 1 7 5 6 4 9 2 

solved! I filled 56 cells.


#sdk/evil3570131192.sdk
1 - - 3 7 9 - - - 
- - - - - - - - - 
2 6 - - - - - 8 - 
- 3 - 1 6 7 - - - 
- 5 - - - - - 6 - 
- - - 2 5 4 - 7 - 
- 9 - - - - - 5 3 
- - - - - - - - - 
- - - 5 3 6 - - 8 
24 cells given

tactic_1_only_num_for_cell start.....
        3 cells done: 
tactic_2_only_cell_in_nn start.....
        9 cells done: 
tactic_3_all_canbe_in_row_or_col start.....
        2 cells done: 
tactic_4a_all_empty_cell_in_box start.....
tactic_4b_all_empty_cell_in_row_or_column start.....
        1 cells done: 
tactic_5_complement start.....
        4 cells done: 
tactic_6_alternative_ok_cells start.....
        6 cells done: 
tactic_7_alternative_cells_canbe start.....
        2 cells done: 
tactic_8_alternative_ok_cells_R start.....
        4 cells done: 
:TOTAL 31 cells done.

tactic_1_only_num_for_cell start.....
        4 cells done: 
tactic_2_only_cell_in_nn start.....
        12 cells done: 
tactic_3_all_canbe_in_row_or_col start.....
        10 cells done: 
:TOTAL 26 cells done.

1 4 8 3 7 9 5 2 6 
5 7 9 6 2 8 4 3 1 
2 6 3 4 1 5 9 8 7 
9 3 2 1 6 7 8 4 5 
7 5 4 9 8 3 1 6 2 
8 1 6 2 5 4 3 7 9 
6 9 7 8 4 1 2 5 3 
3 8 5 7 9 2 6 1 4 
4 2 1 5 3 6 7 9 8 

solved! I filled 57 cells.


#sdk/evil3881487002.sdk
- 5 7 - 4 - - - - 
- 1 - - - 2 - - - 
- 9 - - - - 6 - 3 
- - 2 - - 4 - - - 
- 8 5 6 - 3 9 4 - 
- - - 5 - - 1 - - 
7 - 1 - - - - 8 - 
- - - 2 - - - 9 - 
- - - - 1 - 5 7 - 
26 cells given

tactic_1_only_num_for_cell start.....
        2 cells done: 
tactic_2_only_cell_in_nn start.....
        4 cells done: 
tactic_3_all_canbe_in_row_or_col start.....
        1 cells done: 
tactic_4a_all_empty_cell_in_box start.....
tactic_4b_all_empty_cell_in_row_or_column start.....
tactic_5_complement start.....
        15 cells done: 
tactic_6_alternative_ok_cells start.....
        27 cells done: 
tactic_7_alternative_cells_canbe start.....
        6 cells done: 
:TOTAL 55 cells done.

2 5 7 3 4 6 8 1 9 
6 1 3 8 9 2 4 5 7 
8 9 4 7 5 1 6 2 3 
9 3 2 1 8 4 7 6 5 
1 8 5 6 7 3 9 4 2 
4 7 6 5 2 9 1 3 8 
7 6 1 9 3 5 2 8 4 
5 4 8 2 6 7 3 9 1 
3 2 9 4 1 8 5 7 6 

solved! I filled 55 cells.


#sdk/evil4030792854.sdk
- - - - 3 - - 2 7 
- - - - - 4 - 5 - 
- 2 5 - - - - - 8 
- 3 - - - 9 - - - 
- - 8 3 1 5 4 - - 
- - - 2 - - - 9 - 
9 - - - - - 1 8 - 
- 8 - 1 - - - - - 
1 7 - - 6 - - - - 
25 cells given

tactic_1_only_num_for_cell start.....
tactic_2_only_cell_in_nn start.....
        4 cells done: 
tactic_3_all_canbe_in_row_or_col start.....
        4 cells done: 
tactic_4a_all_empty_cell_in_box start.....
tactic_4b_all_empty_cell_in_row_or_column start.....
tactic_5_complement start.....
tactic_6_alternative_ok_cells start.....
        3 cells done: 
tactic_7_alternative_cells_canbe start.....
tactic_8_alternative_ok_cells_R start.....
        10 cells done: 
:TOTAL 21 cells done.

tactic_1_only_num_for_cell start.....
        3 cells done: 
tactic_2_only_cell_in_nn start.....
        2 cells done: 
tactic_3_all_canbe_in_row_or_col start.....
        4 cells done: 
tactic_4a_all_empty_cell_in_box start.....
        3 cells done: 
tactic_4b_all_empty_cell_in_row_or_column start.....
        1 cells done: 
tactic_5_complement start.....
        3 cells done: 
tactic_6_alternative_ok_cells start.....
        11 cells done: 
tactic_7_alternative_cells_canbe start.....
        6 cells done: 
tactic_8_alternative_ok_cells_R start.....
        2 cells done: 
:TOTAL 35 cells done.

8 1 4 5 3 6 9 2 7 
7 6 9 8 2 4 3 5 1 
3 2 5 9 7 1 6 4 8 
4 3 7 6 8 9 2 1 5 
2 9 8 3 1 5 4 7 6 
6 5 1 2 4 7 8 9 3 
9 4 6 7 5 3 1 8 2 
5 8 3 1 9 2 7 6 4 
1 7 2 4 6 8 5 3 9 

solved! I filled 56 cells.


#sdk/evil6451735903.sdk
8 - - - - 1 - 2 - 
9 7 - 2 - - - 8 - 
- - - - - 6 - 3 - 
- - - - - - 1 - - 
- - 7 4 2 3 8 - - 
- - 2 - - - - - - 
- 1 - 9 - - - - - 
- 2 - - - 5 - 7 4 
- 5 - 6 - - - - 9 
25 cells given

tactic_1_only_num_for_cell start.....
        3 cells done: 
tactic_2_only_cell_in_nn start.....
        8 cells done: 
tactic_3_all_canbe_in_row_or_col start.....
        3 cells done: 
tactic_4a_all_empty_cell_in_box start.....
tactic_4b_all_empty_cell_in_row_or_column start.....
tactic_5_complement start.....
        3 cells done: 
tactic_6_alternative_ok_cells start.....
        20 cells done: 
tactic_7_alternative_cells_canbe start.....
        7 cells done: 
tactic_8_alternative_ok_cells_R start.....
        12 cells done: 
:TOTAL 56 cells done.

8 6 5 3 9 1 4 2 7 
9 7 3 2 5 4 6 8 1 
2 4 1 7 8 6 9 3 5 
4 3 6 5 7 8 1 9 2 
1 9 7 4 2 3 8 5 6 
5 8 2 1 6 9 7 4 3 
7 1 4 9 3 2 5 6 8 
6 2 9 8 1 5 3 7 4 
3 5 8 6 4 7 2 1 9 

solved! I filled 56 cells.


#sdk/evil7310846494.sdk
- 8 6 - - 5 - - - 
- 3 - - - - - 5 - 
4 - - - - - 8 - 6 
- - 9 1 4 - - - 8 
1 - - - - - - - 9 
6 - - - 7 9 5 - - 
9 - 3 - - - - - 5 
- 7 - - - - - 3 - 
- - - 8 - - 9 4 - 
26 cells given

tactic_1_only_num_for_cell start.....
tactic_2_only_cell_in_nn start.....
        9 cells done: 
tactic_3_all_canbe_in_row_or_col start.....
        3 cells done: 
tactic_4a_all_empty_cell_in_box start.....
tactic_4b_all_empty_cell_in_row_or_column start.....
tactic_5_complement start.....
        1 cells done: 
tactic_6_alternative_ok_cells start.....
        4 cells done: 
tactic_7_alternative_cells_canbe start.....
        1 cells done: 
tactic_8_alternative_ok_cells_R start.....
        18 cells done: 
:TOTAL 36 cells done.

tactic_1_only_num_for_cell start.....
        9 cells done: 
tactic_2_only_cell_in_nn start.....
        10 cells done: 
:TOTAL 19 cells done.

7 8 6 4 2 5 1 9 3 
2 3 1 6 9 8 4 5 7 
4 9 5 7 1 3 8 2 6 
3 5 9 1 4 6 2 7 8 
1 4 7 5 8 2 3 6 9 
6 2 8 3 7 9 5 1 4 
9 1 3 2 6 4 7 8 5 
8 7 4 9 5 1 6 3 2 
5 6 2 8 3 7 9 4 1 

solved! I filled 55 cells.


#sdk/evil8200337887.sdk
8 9 - - - 4 - - - 
- - - 2 - - 7 1 - 
- - - 3 - - 6 - - 
- - 9 - - 7 - 5 - 
- 4 - - 5 - - 9 - 
- 5 - 4 - - 2 - - 
- - 7 - - 1 - - - 
- 8 5 - - 3 - - - 
- - - 6 - - - 7 2 
25 cells given

tactic_1_only_num_for_cell start.....
tactic_2_only_cell_in_nn start.....
        2 cells done: 
tactic_3_all_canbe_in_row_or_col start.....
tactic_4a_all_empty_cell_in_box start.....
tactic_4b_all_empty_cell_in_row_or_column start.....
tactic_5_complement start.....
        6 cells done: 
tactic_6_alternative_ok_cells start.....
        11 cells done: 
tactic_7_alternative_cells_canbe start.....
        5 cells done: 
tactic_8_alternative_ok_cells_R start.....
        8 cells done: 
:TOTAL 32 cells done.

tactic_1_only_num_for_cell start.....
        10 cells done: 
tactic_2_only_cell_in_nn start.....
        10 cells done: 
tactic_3_all_canbe_in_row_or_col start.....
        4 cells done: 
:TOTAL 24 cells done.

8 9 1 7 6 4 3 2 5 
6 3 4 2 8 5 7 1 9 
5 7 2 3 1 9 6 4 8 
1 2 9 8 3 7 4 5 6 
3 4 6 1 5 2 8 9 7 
7 5 8 4 9 6 2 3 1 
4 6 7 5 2 1 9 8 3 
2 8 5 9 7 3 1 6 4 
9 1 3 6 4 8 5 7 2 

solved! I filled 56 cells.


#sdk/evil8821586924.sdk
7 9 5 - - - 8 - - 
- - 4 - - 3 1 - - 
- - - 8 - - - 9 - 
- - - - 4 - - 5 1 
- - - 9 - 6 - - - 
2 4 - - 7 - - - - 
- 2 - - - 9 - - - 
- - 8 7 - - 3 - - 
- - 3 - - - 5 4 9 
26 cells given

tactic_1_only_num_for_cell start.....
tactic_2_only_cell_in_nn start.....
        5 cells done: 
tactic_3_all_canbe_in_row_or_col start.....
        6 cells done: 
tactic_4a_all_empty_cell_in_box start.....
tactic_4b_all_empty_cell_in_row_or_column start.....
tactic_5_complement start.....
tactic_6_alternative_ok_cells start.....
        10 cells done: 
tactic_7_alternative_cells_canbe start.....
        6 cells done: 
tactic_8_alternative_ok_cells_R start.....
        6 cells done: 
:TOTAL 33 cells done.

tactic_1_only_num_for_cell start.....
        1 cells done: 
tactic_2_only_cell_in_nn start.....
        5 cells done: 
tactic_3_all_canbe_in_row_or_col start.....
        16 cells done: 
:TOTAL 22 cells done.

7 9 5 4 2 1 8 3 6 
8 6 4 5 9 3 1 2 7 
3 1 2 8 6 7 4 9 5 
6 3 7 2 4 8 9 5 1 
5 8 1 9 3 6 2 7 4 
2 4 9 1 7 5 6 8 3 
4 2 6 3 5 9 7 1 8 
9 5 8 7 1 4 3 6 2 
1 7 3 6 8 2 5 4 9 

solved! I filled 55 cells.


#sdk/evil9286155973.sdk
6 - - 4 - - 2 - - 
8 - - - - 1 5 4 - 
3 - - - - - 9 - - 
- - 2 3 - 4 - - - 
- - - 6 - 9 - - - 
- - - 5 - 7 8 - - 
- - 3 - - - - - 9 
- 7 6 9 - - - - 4 
- - 5 - - 3 - - 7 
26 cells given

tactic_1_only_num_for_cell start.....
tactic_2_only_cell_in_nn start.....
        4 cells done: 
tactic_3_all_canbe_in_row_or_col start.....
        2 cells done: 
tactic_4a_all_empty_cell_in_box start.....
tactic_4b_all_empty_cell_in_row_or_column start.....
        1 cells done: 
tactic_5_complement start.....
        4 cells done: 
tactic_6_alternative_ok_cells start.....
        4 cells done: 
tactic_7_alternative_cells_canbe start.....
        3 cells done: 
tactic_8_alternative_ok_cells_R start.....
        10 cells done: 
:TOTAL 28 cells done.

tactic_1_only_num_for_cell start.....
        2 cells done: 
tactic_2_only_cell_in_nn start.....
        6 cells done: 
tactic_3_all_canbe_in_row_or_col start.....
        12 cells done: 
tactic_4a_all_empty_cell_in_box start.....
        2 cells done: 
tactic_4b_all_empty_cell_in_row_or_column start.....
        2 cells done: 
tactic_5_complement start.....
        3 cells done: 
:TOTAL 27 cells done.

6 5 1 4 9 8 2 7 3 
8 9 7 2 3 1 5 4 6 
3 2 4 7 6 5 9 1 8 
5 6 2 3 8 4 7 9 1 
7 1 8 6 2 9 4 3 5 
4 3 9 5 1 7 8 6 2 
2 4 3 8 7 6 1 5 9 
1 7 6 9 5 2 3 8 4 
9 8 5 1 4 3 6 2 7 

solved! I filled 55 cells.


#sdk/evil9693442345.sdk
3 - - - 1 7 - 5 - 
4 - - - - - - 8 - 
- - - 8 - - 4 - - 
- - 4 5 - - 3 - 8 
- 1 - - - - - 6 - 
9 - 2 - - 8 5 - - 
- - 9 - - 6 - - - 
- 2 - - - - - - 6 
- 4 - 3 5 - - - 7 
26 cells given

tactic_1_only_num_for_cell start.....
tactic_2_only_cell_in_nn start.....
        3 cells done: 
tactic_3_all_canbe_in_row_or_col start.....
tactic_4a_all_empty_cell_in_box start.....
tactic_4b_all_empty_cell_in_row_or_column start.....
tactic_5_complement start.....
tactic_6_alternative_ok_cells start.....
        11 cells done: 
tactic_7_alternative_cells_canbe start.....
tactic_8_alternative_ok_cells_R start.....
        6 cells done: 
:TOTAL 20 cells done.

tactic_1_only_num_for_cell start.....
        1 cells done: 
tactic_2_only_cell_in_nn start.....
        30 cells done: 
tactic_3_all_canbe_in_row_or_col start.....
        4 cells done: 
:TOTAL 35 cells done.

3 6 8 4 1 7 9 5 2 
4 5 7 9 2 3 6 8 1 
2 9 1 8 6 5 4 7 3 
6 7 4 5 9 1 3 2 8 
8 1 5 2 3 4 7 6 9 
9 3 2 6 7 8 5 1 4 
7 8 9 1 4 6 2 3 5 
5 2 3 7 8 9 1 4 6 
1 4 6 3 5 2 8 9 7 

solved! I filled 55 cells.

