
#sdk/evil3496428479.sdk
- - - - - - - 3 - 
- - - - - - 1 2 6 
- - - 2 4 9 - 8 - 
- 6 - - - 7 2 - - 
8 - - - 3 - - - 5 
- - 5 4 - - - 1 - 
- 2 - 8 9 3 - - - 
9 5 7 - - - - - - 
- 8 - - - - - - - 
25 cells given

tactic_6_alternative_ok_cells start.....
"TRIO:[(0,2)(1,2)(2,2)[[1, 3, 6])]]"
"TRIO:[(0,2)(1,2)(2,2)[[1, 3, 6])]]"
"TRIO:[(0,2)(1,2)(2,2)[[1, 3, 6])]]"
"TRIO:[(0,2)(1,2)(2,2)[[1, 3, 6])]]"
"TRIO:[(6,7)(8,7)(8,8)[[2, 3, 8])]]"
"TRIO:[(0,2)(1,2)(2,2)[[1, 3, 6])]]"
"TRIO:[(0,2)(1,2)(2,2)[[1, 3, 6])]]"
"TRIO:[(0,0)(0,1)(0,5)[[2, 5, 7])]]"
"TRIO:[(6,7)(8,7)(8,8)[[2, 3, 8])]]"
        8 cells done: 
"TRIO:[(0,2)(1,2)(2,2)[[1, 3, 6])]]"
"TRIO:[(0,2)(1,2)(2,2)[[1, 3, 6])]]"
"TRIO:[(0,0)(0,1)(0,5)[[2, 5, 7])]]"
"TRIO:[(0,2)(1,2)(2,2)[[1, 3, 6])]]"
"TRIO:[(0,2)(1,2)(2,2)[[1, 3, 6])]]"
"TRIO:[(7,3)(7,7)(7,8)[[4, 6, 9])]]"
"TRIO:[(0,0)(0,1)(0,5)[[2, 5, 7])]]"
"TRIO:[(0,0)(0,1)(0,5)[[2, 5, 7])]]"
"TRIO:[(6,4)(6,5)(6,7)[[3, 6, 8])]]"
"TRIO:[(7,7)(6,8)(7,8)[[4, 6, 9])]]"
"TRIO:[(0,0)(0,1)(0,5)[[2, 5, 7])]]"
        21 cells done: 
"TRIO:[(3,0)(3,3)(3,7)[[1, 5, 6])]]"
"TRIO:[(4,5)(5,5)(6,5)[[2, 6, 8])]]"
"TRIO:[(4,3)(4,5)(5,5)[[2, 6, 8])]]"
"TRIO:[(6,5)(6,7)(6,8)[[3, 4, 8])]]"
"TRIO:[(5,7)(4,8)(5,8)[[4, 5, 6])]]"
"TRIO:[(4,3)(4,5)(5,5)[[2, 6, 8])]]"
        23 cells done: 
        4 cells done: 
:TOTAL 56 cells done.

2 7 8 6 1 5 9 3 4 
5 9 4 3 7 8 1 2 6 
6 1 3 2 4 9 5 8 7 
1 6 9 5 8 7 2 4 3 
8 4 2 9 3 1 6 7 5 
7 3 5 4 6 2 8 1 9 
4 2 6 8 9 3 7 5 1 
9 5 7 1 2 4 3 6 8 
3 8 1 7 5 6 4 9 2 

solved! I filled 56 cells.


#sdk/evil3570131192.sdk
1 - - 3 7 9 - - - 
- - - - - - - - - 
2 6 - - - - - 8 - 
- 3 - 1 6 7 - - - 
- 5 - - - - - 6 - 
- - - 2 5 4 - 7 - 
- 9 - - - - - 5 3 
- - - - - - - - - 
- - - 5 3 6 - - 8 
24 cells given

tactic_6_alternative_ok_cells start.....
"TRIO:[(2,2)(6,2)(8,2)[[3, 7, 9])]]"
"TRIO:[(2,2)(6,2)(8,2)[[3, 7, 9])]]"
"TRIO:[(0,3)(0,5)(0,6)[[6, 8, 9])]]"
        11 cells done: 
"TRIO:[(6,0)(7,0)(8,0)[[2, 5, 6])]]"
"TRIO:[(6,0)(7,0)(8,0)[[2, 5, 6])]]"
"TRIO:[(3,4)(3,6)(3,7)[[7, 8, 9])]]"
"TRIO:[(6,0)(7,0)(8,0)[[2, 5, 6])]]"
"ALT:[(5,1)(5,6)(5,7)[[1, 2, 8])]]"
"TRIO:[(5,1)(5,6)(5,7)[[1, 2, 8])]]"
"TRIO:[(0,3)(0,5)(0,6)[[6, 8, 9])]]"
"TRIO:[(7,3)(7,7)(7,8)[[1, 4, 9])]]"
        12 cells done: 
"TRIO:[(7,3)(6,4)(8,4)[[1, 2, 4])]]"
"TRIO:[(2,3)(0,4)(2,4)[[2, 4, 7])]]"
"TRIO:[(0,5)(1,5)(2,5)[[1, 6, 8])]]"
"TRIO:[(2,3)(0,4)(2,4)[[2, 4, 7])], (0,5)(1,5)(2,5)[[1, 6, 8])]]"
"TRIO:[(3,4)(3,6)(3,7)[[7, 8, 9])]]"
"TRIO:[(8,1)(8,4)(8,7)[[1, 2, 4])]]"
        8 cells done: 
"TRIO:[(8,1)(8,4)(8,7)[[1, 2, 4])]]"
"TRIO:[(6,6)(8,7)(6,8)[[2, 4, 7])]]"
"TRIO:[(0,4)(2,4)(4,4)[[4, 7, 8])]]"
"TRIO:[(0,5)(1,5)(2,5)[[1, 6, 8])]]"
"TRIO:[(0,5)(1,5)(2,5)[[1, 6, 8])]]"
"TRIO:[(1,7)(5,7)(8,7)[[2, 4, 8])]]"
        5 cells done: 
"TRIO:[(8,1)(8,4)(8,7)[[1, 2, 4])]]"
"TRIO:[(6,6)(8,7)(6,8)[[2, 4, 7])]]"
        17 cells done: 
        4 cells done: 
:TOTAL 57 cells done.

1 4 8 3 7 9 5 2 6 
5 7 9 6 2 8 4 3 1 
2 6 3 4 1 5 9 8 7 
9 3 2 1 6 7 8 4 5 
7 5 4 9 8 3 1 6 2 
8 1 6 2 5 4 3 7 9 
6 9 7 8 4 1 2 5 3 
3 8 5 7 9 2 6 1 4 
4 2 1 5 3 6 7 9 8 

solved! I filled 57 cells.


#sdk/evil3881487002.sdk
- 5 7 - 4 - - - - 
- 1 - - - 2 - - - 
- 9 - - - - 6 - 3 
- - 2 - - 4 - - - 
- 8 5 6 - 3 9 4 - 
- - - 5 - - 1 - - 
7 - 1 - - - - 8 - 
- - - 2 - - - 9 - 
- - - - 1 - 5 7 - 
26 cells given

tactic_6_alternative_ok_cells start.....
"TRIO:[(8,0)(6,1)(8,1)[[4, 7, 9])]]"
"TRIO:[(8,0)(6,1)(8,1)[[4, 7, 9])]]"
"TRIO:[(7,0)(7,1)(7,2)[[1, 2, 5])]]"
"TRIO:[(8,0)(6,1)(8,1)[[4, 7, 9])], (7,0)(7,1)(7,2)[[1, 2, 5])]]"
        23 cells done: 
"TRIO:[(0,0)(5,0)(7,0)[[1, 2, 6])]]"
"TRIO:[(1,3)(1,6)(1,7)[[3, 4, 6])]]"
"TRIO:[(0,2)(5,2)(7,2)[[1, 2, 8])]]"
"TRIO:[(3,1)(3,6)(3,8)[[4, 8, 9])]]"
        26 cells done: 
        6 cells done: 
:TOTAL 55 cells done.

2 5 7 3 4 6 8 1 9 
6 1 3 8 9 2 4 5 7 
8 9 4 7 5 1 6 2 3 
9 3 2 1 8 4 7 6 5 
1 8 5 6 7 3 9 4 2 
4 7 6 5 2 9 1 3 8 
7 6 1 9 3 5 2 8 4 
5 4 8 2 6 7 3 9 1 
3 2 9 4 1 8 5 7 6 

solved! I filled 55 cells.

