#sdk/mod/problem1M.sdk
#problem 1 (24 given numbers)
#modified (0,1): '2' => '-'
- - - - 8 - - - - 
- 9 - - - 6 1 7 - 
- 5 - 7 - 9 - - - 
- - 4 - - - 5 - - 
1 - - - 4 - - - 3 
- - 6 - - - 8 - - 
- - - - - 8 - 9 - 
- 6 1 - - - - 4 5 
- 2 - - 3 - - - - 

I found a solution!!!
#Solution 1
3 1 7 2 8 4 6 5 9 
4 9 2 3 5 6 1 7 8 
6 5 8 7 1 9 4 3 2 
2 8 4 6 9 3 5 1 7 
1 7 5 8 4 2 9 6 3 
9 3 6 1 7 5 8 2 4 
7 4 3 5 6 8 2 9 1 
8 6 1 9 2 7 3 4 5 
5 2 9 4 3 1 7 8 6 

56128 of wrong attempts

I'll continue to find another solution...
I found another solution!!!
#Solution 2
3 1 7 2 8 4 6 5 9 
4 9 8 3 5 6 1 7 2 
6 5 2 7 1 9 4 3 8 
2 8 4 6 9 3 5 1 7 
1 7 5 8 4 2 9 6 3 
9 3 6 1 7 5 8 2 4 
7 4 3 5 6 8 2 9 1 
8 6 1 9 2 7 3 4 5 
5 2 9 4 3 1 7 8 6 

59736 of wrong attempts

I'll continue to find another solution...
I found another solution!!!
#Solution 3
3 1 7 4 8 2 9 5 6 
4 9 2 3 5 6 1 7 8 
6 5 8 7 1 9 4 3 2 
2 3 4 8 7 1 5 6 9 
1 8 9 6 4 5 7 2 3 
5 7 6 2 9 3 8 1 4 
7 4 3 5 6 8 2 9 1 
8 6 1 9 2 7 3 4 5 
9 2 5 1 3 4 6 8 7 

81399 of wrong attempts

I'll continue to find another solution...
I found another solution!!!
#Solution 4
3 1 7 4 8 2 9 5 6 
4 9 2 3 5 6 1 7 8 
6 5 8 7 1 9 4 3 2 
2 3 4 8 7 1 5 6 9 
1 8 9 6 4 5 7 2 3 
5 7 6 9 2 3 8 1 4 
7 4 3 5 6 8 2 9 1 
8 6 1 2 9 7 3 4 5 
9 2 5 1 3 4 6 8 7 

81457 of wrong attempts

I'll continue to find another solution...
I found another solution!!!
#Solution 5
3 1 7 4 8 2 9 5 6 
4 9 8 3 5 6 1 7 2 
6 5 2 7 1 9 4 3 8 
2 3 4 8 7 1 5 6 9 
1 8 9 6 4 5 7 2 3 
5 7 6 2 9 3 8 1 4 
7 4 3 5 6 8 2 9 1 
8 6 1 9 2 7 3 4 5 
9 2 5 1 3 4 6 8 7 

84907 of wrong attempts

I'll continue to find another solution...
I found another solution!!!
#Solution 6
3 1 7 4 8 2 9 5 6 
4 9 8 3 5 6 1 7 2 
6 5 2 7 1 9 4 3 8 
2 3 4 8 7 1 5 6 9 
1 8 9 6 4 5 7 2 3 
5 7 6 9 2 3 8 1 4 
7 4 3 5 6 8 2 9 1 
8 6 1 2 9 7 3 4 5 
9 2 5 1 3 4 6 8 7 

84965 of wrong attempts

I'll continue to find another solution...
I found another solution!!!
#Solution 7
4 1 7 2 8 3 6 5 9 
3 9 2 4 5 6 1 7 8 
6 5 8 7 1 9 4 3 2 
2 3 4 8 9 1 5 6 7 
1 8 5 6 4 7 9 2 3 
9 7 6 3 2 5 8 1 4 
7 4 3 5 6 8 2 9 1 
8 6 1 9 7 2 3 4 5 
5 2 9 1 3 4 7 8 6 

97607 of wrong attempts

I'll continue to find another solution...
I found another solution!!!
#Solution 8
4 1 7 2 8 3 6 5 9 
3 9 2 4 5 6 1 7 8 
6 5 8 7 1 9 4 3 2 
9 3 4 8 2 1 5 6 7 
1 8 5 6 4 7 9 2 3 
2 7 6 3 9 5 8 1 4 
7 4 3 5 6 8 2 9 1 
8 6 1 9 7 2 3 4 5 
5 2 9 1 3 4 7 8 6 

98625 of wrong attempts

I'll continue to find another solution...
I found another solution!!!
#Solution 9
4 1 7 2 8 3 6 5 9 
3 9 8 4 5 6 1 7 2 
6 5 2 7 1 9 4 3 8 
2 3 4 8 9 1 5 6 7 
1 8 5 6 4 7 9 2 3 
9 7 6 3 2 5 8 1 4 
7 4 3 5 6 8 2 9 1 
8 6 1 9 7 2 3 4 5 
5 2 9 1 3 4 7 8 6 

100700 of wrong attempts

I'll continue to find another solution...
I found another solution!!!
#Solution 10
4 1 7 2 8 3 6 5 9 
3 9 8 4 5 6 1 7 2 
6 5 2 7 1 9 4 3 8 
9 3 4 8 2 1 5 6 7 
1 8 5 6 4 7 9 2 3 
2 7 6 3 9 5 8 1 4 
7 4 3 5 6 8 2 9 1 
8 6 1 9 7 2 3 4 5 
5 2 9 1 3 4 7 8 6 

101718 of wrong attempts

I'll continue to find another solution...
I found another solution!!!
#Solution 11
4 1 7 2 8 3 9 5 6 
3 9 2 4 5 6 1 7 8 
6 5 8 7 1 9 4 3 2 
2 3 4 8 7 1 5 6 9 
1 8 9 6 4 5 7 2 3 
5 7 6 3 9 2 8 1 4 
7 4 3 5 6 8 2 9 1 
8 6 1 9 2 7 3 4 5 
9 2 5 1 3 4 6 8 7 

115408 of wrong attempts

I'll continue to find another solution...
I found another solution!!!
#Solution 12
4 1 7 2 8 3 9 5 6 
3 9 8 4 5 6 1 7 2 
6 5 2 7 1 9 4 3 8 
2 3 4 8 7 1 5 6 9 
1 8 9 6 4 5 7 2 3 
5 7 6 3 9 2 8 1 4 
7 4 3 5 6 8 2 9 1 
8 6 1 9 2 7 3 4 5 
9 2 5 1 3 4 6 8 7 

118500 of wrong attempts

I'll continue to find another solution...
I found another solution!!!
#Solution 13
4 1 7 3 8 2 9 5 6 
3 9 2 4 5 6 1 7 8 
6 5 8 7 1 9 4 3 2 
2 3 4 8 7 1 5 6 9 
1 8 9 6 4 5 7 2 3 
5 7 6 2 9 3 8 1 4 
7 4 3 5 6 8 2 9 1 
8 6 1 9 2 7 3 4 5 
9 2 5 1 3 4 6 8 7 

150554 of wrong attempts

I'll continue to find another solution...
I found another solution!!!
#Solution 14
4 1 7 3 8 2 9 5 6 
3 9 2 4 5 6 1 7 8 
6 5 8 7 1 9 4 3 2 
2 3 4 8 7 1 5 6 9 
1 8 9 6 4 5 7 2 3 
5 7 6 9 2 3 8 1 4 
7 4 3 5 6 8 2 9 1 
8 6 1 2 9 7 3 4 5 
9 2 5 1 3 4 6 8 7 

150612 of wrong attempts

I'll continue to find another solution...
I found another solution!!!
#Solution 15
4 1 7 3 8 2 9 5 6 
3 9 8 4 5 6 1 7 2 
6 5 2 7 1 9 4 3 8 
2 3 4 8 7 1 5 6 9 
1 8 9 6 4 5 7 2 3 
5 7 6 2 9 3 8 1 4 
7 4 3 5 6 8 2 9 1 
8 6 1 9 2 7 3 4 5 
9 2 5 1 3 4 6 8 7 

154062 of wrong attempts

I'll continue to find another solution...
I found another solution!!!
#Solution 16
4 1 7 3 8 2 9 5 6 
3 9 8 4 5 6 1 7 2 
6 5 2 7 1 9 4 3 8 
2 3 4 8 7 1 5 6 9 
1 8 9 6 4 5 7 2 3 
5 7 6 9 2 3 8 1 4 
7 4 3 5 6 8 2 9 1 
8 6 1 2 9 7 3 4 5 
9 2 5 1 3 4 6 8 7 

154120 of wrong attempts

I'll continue to find another solution...
I found another solution!!!
#Solution 17
6 1 7 2 8 3 4 5 9 
3 9 2 4 5 6 1 7 8 
4 5 8 7 1 9 2 3 6 
2 3 4 8 9 1 5 6 7 
1 8 5 6 4 7 9 2 3 
9 7 6 3 2 5 8 1 4 
5 4 3 1 6 8 7 9 2 
8 6 1 9 7 2 3 4 5 
7 2 9 5 3 4 6 8 1 

169404 of wrong attempts

I'll continue to find another solution...
I found another solution!!!
#Solution 18
6 1 7 2 8 3 4 5 9 
3 9 2 4 5 6 1 7 8 
4 5 8 7 1 9 2 3 6 
9 3 4 8 2 1 5 6 7 
1 8 5 6 4 7 9 2 3 
2 7 6 3 9 5 8 1 4 
5 4 3 1 6 8 7 9 2 
8 6 1 9 7 2 3 4 5 
7 2 9 5 3 4 6 8 1 

170317 of wrong attempts

I'll continue to find another solution...
I found another solution!!!
#Solution 19
6 1 7 2 8 3 4 5 9 
3 9 2 4 5 6 1 7 8 
4 5 8 7 1 9 6 3 2 
2 3 4 8 9 1 5 6 7 
1 8 5 6 4 7 9 2 3 
9 7 6 3 2 5 8 1 4 
7 4 3 5 6 8 2 9 1 
8 6 1 9 7 2 3 4 5 
5 2 9 1 3 4 7 8 6 

173052 of wrong attempts

I'll continue to find another solution...
I found another solution!!!
#Solution 20
6 1 7 2 8 3 4 5 9 
3 9 2 4 5 6 1 7 8 
4 5 8 7 1 9 6 3 2 
9 3 4 8 2 1 5 6 7 
1 8 5 6 4 7 9 2 3 
2 7 6 3 9 5 8 1 4 
7 4 3 5 6 8 2 9 1 
8 6 1 9 7 2 3 4 5 
5 2 9 1 3 4 7 8 6 

174070 of wrong attempts

I'll continue to find another solution...
I found another solution!!!
#Solution 21
6 1 7 2 8 3 4 5 9 
3 9 8 4 5 6 1 7 2 
4 5 2 7 1 9 6 3 8 
2 3 4 8 9 1 5 6 7 
1 8 5 6 4 7 9 2 3 
9 7 6 3 2 5 8 1 4 
7 4 3 5 6 8 2 9 1 
8 6 1 9 7 2 3 4 5 
5 2 9 1 3 4 7 8 6 

177055 of wrong attempts

I'll continue to find another solution...
I found another solution!!!
#Solution 22
6 1 7 2 8 3 4 5 9 
3 9 8 4 5 6 1 7 2 
4 5 2 7 1 9 6 3 8 
9 3 4 8 2 1 5 6 7 
1 8 5 6 4 7 9 2 3 
2 7 6 3 9 5 8 1 4 
7 4 3 5 6 8 2 9 1 
8 6 1 9 7 2 3 4 5 
5 2 9 1 3 4 7 8 6 

178073 of wrong attempts

I'll continue to find another solution...
I found another solution!!!
#Solution 23
6 1 7 3 8 2 4 5 9 
2 9 3 4 5 6 1 7 8 
4 5 8 7 1 9 2 3 6 
9 8 4 6 2 3 5 1 7 
1 7 2 8 4 5 9 6 3 
5 3 6 9 7 1 8 2 4 
3 4 5 1 6 8 7 9 2 
8 6 1 2 9 7 3 4 5 
7 2 9 5 3 4 6 8 1 

245202 of wrong attempts

I'll continue to find another solution...
I found another solution!!!
#Solution 24
7 1 2 3 8 4 6 5 9 
4 9 3 2 5 6 1 7 8 
6 5 8 7 1 9 4 3 2 
2 8 4 6 9 3 5 1 7 
1 7 5 8 4 2 9 6 3 
9 3 6 1 7 5 8 2 4 
3 4 7 5 6 8 2 9 1 
8 6 1 9 2 7 3 4 5 
5 2 9 4 3 1 7 8 6 

494634 of wrong attempts

I'll continue to find another solution...
I found another solution!!!
#Solution 25
7 1 2 3 8 4 6 5 9 
4 9 3 5 2 6 1 7 8 
6 5 8 7 1 9 4 3 2 
2 8 4 9 6 3 5 1 7 
1 7 5 8 4 2 9 6 3 
9 3 6 1 7 5 8 2 4 
3 4 7 6 5 8 2 9 1 
8 6 1 2 9 7 3 4 5 
5 2 9 4 3 1 7 8 6 

501156 of wrong attempts

I'll continue to find another solution...
I found another solution!!!
#Solution 26
7 1 2 3 8 4 6 5 9 
4 9 3 5 2 6 1 7 8 
6 5 8 7 1 9 4 3 2 
9 8 4 1 6 3 5 2 7 
1 7 5 8 4 2 9 6 3 
2 3 6 9 7 5 8 1 4 
3 4 7 6 5 8 2 9 1 
8 6 1 2 9 7 3 4 5 
5 2 9 4 3 1 7 8 6 

502570 of wrong attempts

I'll continue to find another solution...
I found another solution!!!
#Solution 27
7 1 2 3 8 4 9 5 6 
4 9 3 5 2 6 1 7 8 
6 5 8 7 1 9 4 3 2 
2 3 4 8 6 7 5 1 9 
1 8 9 2 4 5 7 6 3 
5 7 6 1 9 3 8 2 4 
3 4 7 6 5 8 2 9 1 
8 6 1 9 7 2 3 4 5 
9 2 5 4 3 1 6 8 7 

513651 of wrong attempts

I'll continue to find another solution...
I found another solution!!!
#Solution 28
7 1 2 3 8 4 9 5 6 
4 9 3 5 2 6 1 7 8 
6 5 8 7 1 9 4 3 2 
2 7 4 8 6 3 5 1 9 
1 8 5 9 4 2 7 6 3 
9 3 6 1 7 5 8 2 4 
3 4 7 6 5 8 2 9 1 
8 6 1 2 9 7 3 4 5 
5 2 9 4 3 1 6 8 7 

513980 of wrong attempts

I'll continue to find another solution...
I found another solution!!!
#Solution 29
7 1 2 3 8 4 9 5 6 
4 9 3 5 2 6 1 7 8 
6 5 8 7 1 9 4 3 2 
2 7 4 8 6 3 5 1 9 
1 8 9 2 4 5 7 6 3 
5 3 6 1 9 7 8 2 4 
3 4 7 6 5 8 2 9 1 
8 6 1 9 7 2 3 4 5 
9 2 5 4 3 1 6 8 7 

514076 of wrong attempts

I'll continue to find another solution...
I found another solution!!!
#Solution 30
7 1 2 4 8 3 6 5 9 
4 9 3 2 5 6 1 7 8 
6 5 8 7 1 9 4 3 2 
2 3 4 8 9 1 5 6 7 
1 8 5 6 4 7 9 2 3 
9 7 6 3 2 5 8 1 4 
3 4 7 5 6 8 2 9 1 
8 6 1 9 7 2 3 4 5 
5 2 9 1 3 4 7 8 6 

519792 of wrong attempts

I'll continue to find another solution...
I found another solution!!!
#Solution 31
7 1 2 4 8 3 6 5 9 
4 9 3 2 5 6 1 7 8 
6 5 8 7 1 9 4 3 2 
9 3 4 8 2 1 5 6 7 
1 8 5 6 4 7 9 2 3 
2 7 6 3 9 5 8 1 4 
3 4 7 5 6 8 2 9 1 
8 6 1 9 7 2 3 4 5 
5 2 9 1 3 4 7 8 6 

521137 of wrong attempts

I'll continue to find another solution...
I found another solution!!!
#Solution 32
7 1 2 4 8 3 6 5 9 
4 9 3 5 2 6 1 7 8 
6 5 8 7 1 9 4 3 2 
9 3 4 8 6 1 5 2 7 
1 8 5 2 4 7 9 6 3 
2 7 6 3 9 5 8 1 4 
3 4 7 1 5 8 2 9 6 
8 6 1 9 7 2 3 4 5 
5 2 9 6 3 4 7 8 1 

526727 of wrong attempts

I'll continue to find another solution...
I found another solution!!!
#Solution 33
7 1 2 4 8 3 6 5 9 
4 9 3 5 2 6 1 7 8 
6 5 8 7 1 9 4 3 2 
9 3 4 8 6 1 5 2 7 
1 8 5 2 4 7 9 6 3 
2 7 6 3 9 5 8 1 4 
3 4 7 6 5 8 2 9 1 
8 6 1 9 7 2 3 4 5 
5 2 9 1 3 4 7 8 6 

526751 of wrong attempts

I'll continue to find another solution...
I found another solution!!!
#Solution 34
7 1 2 4 8 3 6 5 9 
4 9 3 5 2 6 1 7 8 
6 5 8 7 1 9 4 3 2 
9 8 4 3 6 1 5 2 7 
1 7 5 8 4 2 9 6 3 
2 3 6 9 7 5 8 1 4 
3 4 7 1 5 8 2 9 6 
8 6 1 2 9 7 3 4 5 
5 2 9 6 3 4 7 8 1 

527082 of wrong attempts

I'll continue to find another solution...
I found another solution!!!
#Solution 35
7 1 2 4 8 3 6 5 9 
4 9 3 5 2 6 1 7 8 
6 5 8 7 1 9 4 3 2 
9 8 4 3 6 1 5 2 7 
1 7 5 8 4 2 9 6 3 
2 3 6 9 7 5 8 1 4 
3 4 7 6 5 8 2 9 1 
8 6 1 2 9 7 3 4 5 
5 2 9 1 3 4 7 8 6 

527109 of wrong attempts

I'll continue to find another solution...
I found another solution!!!
#Solution 36
7 1 2 4 8 3 9 5 6 
4 9 3 2 5 6 1 7 8 
6 5 8 7 1 9 4 3 2 
2 3 4 8 7 1 5 6 9 
1 8 9 6 4 5 7 2 3 
5 7 6 3 9 2 8 1 4 
3 4 5 1 6 8 2 9 7 
8 6 1 9 2 7 3 4 5 
9 2 7 5 3 4 6 8 1 

531373 of wrong attempts

I'll continue to find another solution...
I found another solution!!!
#Solution 37
7 1 2 4 8 3 9 5 6 
4 9 3 2 5 6 1 7 8 
6 5 8 7 1 9 4 3 2 
2 3 4 8 7 1 5 6 9 
1 8 9 6 4 5 7 2 3 
5 7 6 3 9 2 8 1 4 
3 4 7 5 6 8 2 9 1 
8 6 1 9 2 7 3 4 5 
9 2 5 1 3 4 6 8 7 

531422 of wrong attempts

I'll continue to find another solution...
I found another solution!!!
#Solution 38
7 1 2 4 8 3 9 5 6 
4 9 3 5 2 6 1 7 8 
6 5 8 7 1 9 4 3 2 
2 3 4 8 6 7 5 1 9 
1 8 9 2 4 5 7 6 3 
5 7 6 3 9 1 8 2 4 
3 4 7 6 5 8 2 9 1 
8 6 1 9 7 2 3 4 5 
9 2 5 1 3 4 6 8 7 

537031 of wrong attempts

I'll continue to find another solution...
I found another solution!!!
#Solution 39
7 1 3 2 8 4 6 5 9 
4 9 2 3 5 6 1 7 8 
6 5 8 7 1 9 4 3 2 
2 8 4 6 9 3 5 1 7 
1 7 5 8 4 2 9 6 3 
9 3 6 1 7 5 8 2 4 
3 4 7 5 6 8 2 9 1 
8 6 1 9 2 7 3 4 5 
5 2 9 4 3 1 7 8 6 

543733 of wrong attempts

I'll continue to find another solution...
I found another solution!!!
#Solution 40
7 1 3 2 8 4 6 5 9 
4 9 8 3 5 6 1 7 2 
6 5 2 7 1 9 4 3 8 
2 8 4 6 9 3 5 1 7 
1 7 5 8 4 2 9 6 3 
9 3 6 1 7 5 8 2 4 
3 4 7 5 6 8 2 9 1 
8 6 1 9 2 7 3 4 5 
5 2 9 4 3 1 7 8 6 

548247 of wrong attempts

I'll continue to find another solution...
I found another solution!!!
#Solution 41
7 1 3 4 8 2 9 5 6 
4 9 2 3 5 6 1 7 8 
6 5 8 7 1 9 4 3 2 
2 3 4 8 7 1 5 6 9 
1 8 9 6 4 5 7 2 3 
5 7 6 2 9 3 8 1 4 
3 4 5 1 6 8 2 9 7 
8 6 1 9 2 7 3 4 5 
9 2 7 5 3 4 6 8 1 

575203 of wrong attempts

I'll continue to find another solution...
I found another solution!!!
#Solution 42
7 1 3 4 8 2 9 5 6 
4 9 2 3 5 6 1 7 8 
6 5 8 7 1 9 4 3 2 
2 3 4 8 7 1 5 6 9 
1 8 9 6 4 5 7 2 3 
5 7 6 2 9 3 8 1 4 
3 4 7 5 6 8 2 9 1 
8 6 1 9 2 7 3 4 5 
9 2 5 1 3 4 6 8 7 

575252 of wrong attempts

I'll continue to find another solution...
I found another solution!!!
#Solution 43
7 1 3 4 8 2 9 5 6 
4 9 2 3 5 6 1 7 8 
6 5 8 7 1 9 4 3 2 
2 3 4 8 7 1 5 6 9 
1 8 9 6 4 5 7 2 3 
5 7 6 9 2 3 8 1 4 
3 4 5 1 6 8 2 9 7 
8 6 1 2 9 7 3 4 5 
9 2 7 5 3 4 6 8 1 

575288 of wrong attempts

I'll continue to find another solution...
I found another solution!!!
#Solution 44
7 1 3 4 8 2 9 5 6 
4 9 2 3 5 6 1 7 8 
6 5 8 7 1 9 4 3 2 
2 3 4 8 7 1 5 6 9 
1 8 9 6 4 5 7 2 3 
5 7 6 9 2 3 8 1 4 
3 4 7 5 6 8 2 9 1 
8 6 1 2 9 7 3 4 5 
9 2 5 1 3 4 6 8 7 

575328 of wrong attempts

I'll continue to find another solution...
I found another solution!!!
#Solution 45
7 1 3 4 8 2 9 5 6 
4 9 8 3 5 6 1 7 2 
6 5 2 7 1 9 4 3 8 
2 3 4 8 7 1 5 6 9 
1 8 9 6 4 5 7 2 3 
5 7 6 2 9 3 8 1 4 
3 4 5 1 6 8 2 9 7 
8 6 1 9 2 7 3 4 5 
9 2 7 5 3 4 6 8 1 

579527 of wrong attempts

I'll continue to find another solution...
I found another solution!!!
#Solution 46
7 1 3 4 8 2 9 5 6 
4 9 8 3 5 6 1 7 2 
6 5 2 7 1 9 4 3 8 
2 3 4 8 7 1 5 6 9 
1 8 9 6 4 5 7 2 3 
5 7 6 2 9 3 8 1 4 
3 4 7 5 6 8 2 9 1 
8 6 1 9 2 7 3 4 5 
9 2 5 1 3 4 6 8 7 

579576 of wrong attempts

I'll continue to find another solution...
I found another solution!!!
#Solution 47
7 1 3 4 8 2 9 5 6 
4 9 8 3 5 6 1 7 2 
6 5 2 7 1 9 4 3 8 
2 3 4 8 7 1 5 6 9 
1 8 9 6 4 5 7 2 3 
5 7 6 9 2 3 8 1 4 
3 4 5 1 6 8 2 9 7 
8 6 1 2 9 7 3 4 5 
9 2 7 5 3 4 6 8 1 

579612 of wrong attempts

I'll continue to find another solution...
I found another solution!!!
#Solution 48
7 1 3 4 8 2 9 5 6 
4 9 8 3 5 6 1 7 2 
6 5 2 7 1 9 4 3 8 
2 3 4 8 7 1 5 6 9 
1 8 9 6 4 5 7 2 3 
5 7 6 9 2 3 8 1 4 
3 4 7 5 6 8 2 9 1 
8 6 1 2 9 7 3 4 5 
9 2 5 1 3 4 6 8 7 

579652 of wrong attempts

I'll continue to find another solution...
I couldn't find a solution. I was back to the beginning.
582780 of wrong attempts

