Found 48 solution(s)!
Solution #1:
3 1 7 2 8 4 6 5 9
4 9 2 3 5 6 1 7 8
6 5 8 7 1 9 4 3 2
2 8 4 6 9 3 5 1 7
1 7 5 8 4 2 9 6 3
9 3 6 1 7 5 8 2 4
7 4 3 5 6 8 2 9 1
8 6 1 9 2 7 3 4 5
5 2 9 4 3 1 7 8 6

Solution #2:
3 1 7 2 8 4 6 5 9
4 9 8 3 5 6 1 7 2
6 5 2 7 1 9 4 3 8
2 8 4 6 9 3 5 1 7
1 7 5 8 4 2 9 6 3
9 3 6 1 7 5 8 2 4
7 4 3 5 6 8 2 9 1
8 6 1 9 2 7 3 4 5
5 2 9 4 3 1 7 8 6

Solution #3:
3 1 7 4 8 2 9 5 6
4 9 2 3 5 6 1 7 8
6 5 8 7 1 9 4 3 2
2 3 4 8 7 1 5 6 9
1 8 9 6 4 5 7 2 3
5 7 6 2 9 3 8 1 4
7 4 3 5 6 8 2 9 1
8 6 1 9 2 7 3 4 5
9 2 5 1 3 4 6 8 7

Solution #4:
3 1 7 4 8 2 9 5 6
4 9 2 3 5 6 1 7 8
6 5 8 7 1 9 4 3 2
2 3 4 8 7 1 5 6 9
1 8 9 6 4 5 7 2 3
5 7 6 9 2 3 8 1 4
7 4 3 5 6 8 2 9 1
8 6 1 2 9 7 3 4 5
9 2 5 1 3 4 6 8 7

Solution #5:
3 1 7 4 8 2 9 5 6
4 9 8 3 5 6 1 7 2
6 5 2 7 1 9 4 3 8
2 3 4 8 7 1 5 6 9
1 8 9 6 4 5 7 2 3
5 7 6 2 9 3 8 1 4
7 4 3 5 6 8 2 9 1
8 6 1 9 2 7 3 4 5
9 2 5 1 3 4 6 8 7

Solution #6:
3 1 7 4 8 2 9 5 6
4 9 8 3 5 6 1 7 2
6 5 2 7 1 9 4 3 8
2 3 4 8 7 1 5 6 9
1 8 9 6 4 5 7 2 3
5 7 6 9 2 3 8 1 4
7 4 3 5 6 8 2 9 1
8 6 1 2 9 7 3 4 5
9 2 5 1 3 4 6 8 7

Solution #7:
4 1 7 2 8 3 6 5 9
3 9 2 4 5 6 1 7 8
6 5 8 7 1 9 4 3 2
2 3 4 8 9 1 5 6 7
1 8 5 6 4 7 9 2 3
9 7 6 3 2 5 8 1 4
7 4 3 5 6 8 2 9 1
8 6 1 9 7 2 3 4 5
5 2 9 1 3 4 7 8 6

Solution #8:
4 1 7 2 8 3 6 5 9
3 9 2 4 5 6 1 7 8
6 5 8 7 1 9 4 3 2
9 3 4 8 2 1 5 6 7
1 8 5 6 4 7 9 2 3
2 7 6 3 9 5 8 1 4
7 4 3 5 6 8 2 9 1
8 6 1 9 7 2 3 4 5
5 2 9 1 3 4 7 8 6

Solution #9:
4 1 7 2 8 3 6 5 9
3 9 8 4 5 6 1 7 2
6 5 2 7 1 9 4 3 8
2 3 4 8 9 1 5 6 7
1 8 5 6 4 7 9 2 3
9 7 6 3 2 5 8 1 4
7 4 3 5 6 8 2 9 1
8 6 1 9 7 2 3 4 5
5 2 9 1 3 4 7 8 6

Solution #10:
4 1 7 2 8 3 6 5 9
3 9 8 4 5 6 1 7 2
6 5 2 7 1 9 4 3 8
9 3 4 8 2 1 5 6 7
1 8 5 6 4 7 9 2 3
2 7 6 3 9 5 8 1 4
7 4 3 5 6 8 2 9 1
8 6 1 9 7 2 3 4 5
5 2 9 1 3 4 7 8 6

Solution #11:
4 1 7 2 8 3 9 5 6
3 9 2 4 5 6 1 7 8
6 5 8 7 1 9 4 3 2
2 3 4 8 7 1 5 6 9
1 8 9 6 4 5 7 2 3
5 7 6 3 9 2 8 1 4
7 4 3 5 6 8 2 9 1
8 6 1 9 2 7 3 4 5
9 2 5 1 3 4 6 8 7

Solution #12:
4 1 7 2 8 3 9 5 6
3 9 8 4 5 6 1 7 2
6 5 2 7 1 9 4 3 8
2 3 4 8 7 1 5 6 9
1 8 9 6 4 5 7 2 3
5 7 6 3 9 2 8 1 4
7 4 3 5 6 8 2 9 1
8 6 1 9 2 7 3 4 5
9 2 5 1 3 4 6 8 7

Solution #13:
4 1 7 3 8 2 9 5 6
3 9 2 4 5 6 1 7 8
6 5 8 7 1 9 4 3 2
2 3 4 8 7 1 5 6 9
1 8 9 6 4 5 7 2 3
5 7 6 2 9 3 8 1 4
7 4 3 5 6 8 2 9 1
8 6 1 9 2 7 3 4 5
9 2 5 1 3 4 6 8 7

Solution #14:
4 1 7 3 8 2 9 5 6
3 9 2 4 5 6 1 7 8
6 5 8 7 1 9 4 3 2
2 3 4 8 7 1 5 6 9
1 8 9 6 4 5 7 2 3
5 7 6 9 2 3 8 1 4
7 4 3 5 6 8 2 9 1
8 6 1 2 9 7 3 4 5
9 2 5 1 3 4 6 8 7

Solution #15:
4 1 7 3 8 2 9 5 6
3 9 8 4 5 6 1 7 2
6 5 2 7 1 9 4 3 8
2 3 4 8 7 1 5 6 9
1 8 9 6 4 5 7 2 3
5 7 6 2 9 3 8 1 4
7 4 3 5 6 8 2 9 1
8 6 1 9 2 7 3 4 5
9 2 5 1 3 4 6 8 7

Solution #16:
4 1 7 3 8 2 9 5 6
3 9 8 4 5 6 1 7 2
6 5 2 7 1 9 4 3 8
2 3 4 8 7 1 5 6 9
1 8 9 6 4 5 7 2 3
5 7 6 9 2 3 8 1 4
7 4 3 5 6 8 2 9 1
8 6 1 2 9 7 3 4 5
9 2 5 1 3 4 6 8 7

Solution #17:
6 1 7 2 8 3 4 5 9
3 9 2 4 5 6 1 7 8
4 5 8 7 1 9 2 3 6
2 3 4 8 9 1 5 6 7
1 8 5 6 4 7 9 2 3
9 7 6 3 2 5 8 1 4
5 4 3 1 6 8 7 9 2
8 6 1 9 7 2 3 4 5
7 2 9 5 3 4 6 8 1

Solution #18:
6 1 7 2 8 3 4 5 9
3 9 2 4 5 6 1 7 8
4 5 8 7 1 9 2 3 6
9 3 4 8 2 1 5 6 7
1 8 5 6 4 7 9 2 3
2 7 6 3 9 5 8 1 4
5 4 3 1 6 8 7 9 2
8 6 1 9 7 2 3 4 5
7 2 9 5 3 4 6 8 1

Solution #19:
6 1 7 2 8 3 4 5 9
3 9 2 4 5 6 1 7 8
4 5 8 7 1 9 6 3 2
2 3 4 8 9 1 5 6 7
1 8 5 6 4 7 9 2 3
9 7 6 3 2 5 8 1 4
7 4 3 5 6 8 2 9 1
8 6 1 9 7 2 3 4 5
5 2 9 1 3 4 7 8 6

Solution #20:
6 1 7 2 8 3 4 5 9
3 9 2 4 5 6 1 7 8
4 5 8 7 1 9 6 3 2
9 3 4 8 2 1 5 6 7
1 8 5 6 4 7 9 2 3
2 7 6 3 9 5 8 1 4
7 4 3 5 6 8 2 9 1
8 6 1 9 7 2 3 4 5
5 2 9 1 3 4 7 8 6

Solution #21:
6 1 7 2 8 3 4 5 9
3 9 8 4 5 6 1 7 2
4 5 2 7 1 9 6 3 8
2 3 4 8 9 1 5 6 7
1 8 5 6 4 7 9 2 3
9 7 6 3 2 5 8 1 4
7 4 3 5 6 8 2 9 1
8 6 1 9 7 2 3 4 5
5 2 9 1 3 4 7 8 6

Solution #22:
6 1 7 2 8 3 4 5 9
3 9 8 4 5 6 1 7 2
4 5 2 7 1 9 6 3 8
9 3 4 8 2 1 5 6 7
1 8 5 6 4 7 9 2 3
2 7 6 3 9 5 8 1 4
7 4 3 5 6 8 2 9 1
8 6 1 9 7 2 3 4 5
5 2 9 1 3 4 7 8 6

Solution #23:
6 1 7 3 8 2 4 5 9
2 9 3 4 5 6 1 7 8
4 5 8 7 1 9 2 3 6
9 8 4 6 2 3 5 1 7
1 7 2 8 4 5 9 6 3
5 3 6 9 7 1 8 2 4
3 4 5 1 6 8 7 9 2
8 6 1 2 9 7 3 4 5
7 2 9 5 3 4 6 8 1

Solution #24:
7 1 2 3 8 4 6 5 9
4 9 3 2 5 6 1 7 8
6 5 8 7 1 9 4 3 2
2 8 4 6 9 3 5 1 7
1 7 5 8 4 2 9 6 3
9 3 6 1 7 5 8 2 4
3 4 7 5 6 8 2 9 1
8 6 1 9 2 7 3 4 5
5 2 9 4 3 1 7 8 6

Solution #25:
7 1 2 3 8 4 6 5 9
4 9 3 5 2 6 1 7 8
6 5 8 7 1 9 4 3 2
2 8 4 9 6 3 5 1 7
1 7 5 8 4 2 9 6 3
9 3 6 1 7 5 8 2 4
3 4 7 6 5 8 2 9 1
8 6 1 2 9 7 3 4 5
5 2 9 4 3 1 7 8 6

Solution #26:
7 1 2 3 8 4 6 5 9
4 9 3 5 2 6 1 7 8
6 5 8 7 1 9 4 3 2
9 8 4 1 6 3 5 2 7
1 7 5 8 4 2 9 6 3
2 3 6 9 7 5 8 1 4
3 4 7 6 5 8 2 9 1
8 6 1 2 9 7 3 4 5
5 2 9 4 3 1 7 8 6

Solution #27:
7 1 2 3 8 4 9 5 6
4 9 3 5 2 6 1 7 8
6 5 8 7 1 9 4 3 2
2 3 4 8 6 7 5 1 9
1 8 9 2 4 5 7 6 3
5 7 6 1 9 3 8 2 4
3 4 7 6 5 8 2 9 1
8 6 1 9 7 2 3 4 5
9 2 5 4 3 1 6 8 7

Solution #28:
7 1 2 3 8 4 9 5 6
4 9 3 5 2 6 1 7 8
6 5 8 7 1 9 4 3 2
2 7 4 8 6 3 5 1 9
1 8 5 9 4 2 7 6 3
9 3 6 1 7 5 8 2 4
3 4 7 6 5 8 2 9 1
8 6 1 2 9 7 3 4 5
5 2 9 4 3 1 6 8 7

Solution #29:
7 1 2 3 8 4 9 5 6
4 9 3 5 2 6 1 7 8
6 5 8 7 1 9 4 3 2
2 7 4 8 6 3 5 1 9
1 8 9 2 4 5 7 6 3
5 3 6 1 9 7 8 2 4
3 4 7 6 5 8 2 9 1
8 6 1 9 7 2 3 4 5
9 2 5 4 3 1 6 8 7

Solution #30:
7 1 2 4 8 3 6 5 9
4 9 3 2 5 6 1 7 8
6 5 8 7 1 9 4 3 2
2 3 4 8 9 1 5 6 7
1 8 5 6 4 7 9 2 3
9 7 6 3 2 5 8 1 4
3 4 7 5 6 8 2 9 1
8 6 1 9 7 2 3 4 5
5 2 9 1 3 4 7 8 6

Solution #31:
7 1 2 4 8 3 6 5 9
4 9 3 2 5 6 1 7 8
6 5 8 7 1 9 4 3 2
9 3 4 8 2 1 5 6 7
1 8 5 6 4 7 9 2 3
2 7 6 3 9 5 8 1 4
3 4 7 5 6 8 2 9 1
8 6 1 9 7 2 3 4 5
5 2 9 1 3 4 7 8 6

Solution #32:
7 1 2 4 8 3 6 5 9
4 9 3 5 2 6 1 7 8
6 5 8 7 1 9 4 3 2
9 3 4 8 6 1 5 2 7
1 8 5 2 4 7 9 6 3
2 7 6 3 9 5 8 1 4
3 4 7 1 5 8 2 9 6
8 6 1 9 7 2 3 4 5
5 2 9 6 3 4 7 8 1

Solution #33:
7 1 2 4 8 3 6 5 9
4 9 3 5 2 6 1 7 8
6 5 8 7 1 9 4 3 2
9 3 4 8 6 1 5 2 7
1 8 5 2 4 7 9 6 3
2 7 6 3 9 5 8 1 4
3 4 7 6 5 8 2 9 1
8 6 1 9 7 2 3 4 5
5 2 9 1 3 4 7 8 6

Solution #34:
7 1 2 4 8 3 6 5 9
4 9 3 5 2 6 1 7 8
6 5 8 7 1 9 4 3 2
9 8 4 3 6 1 5 2 7
1 7 5 8 4 2 9 6 3
2 3 6 9 7 5 8 1 4
3 4 7 1 5 8 2 9 6
8 6 1 2 9 7 3 4 5
5 2 9 6 3 4 7 8 1

Solution #35:
7 1 2 4 8 3 6 5 9
4 9 3 5 2 6 1 7 8
6 5 8 7 1 9 4 3 2
9 8 4 3 6 1 5 2 7
1 7 5 8 4 2 9 6 3
2 3 6 9 7 5 8 1 4
3 4 7 6 5 8 2 9 1
8 6 1 2 9 7 3 4 5
5 2 9 1 3 4 7 8 6

Solution #36:
7 1 2 4 8 3 9 5 6
4 9 3 2 5 6 1 7 8
6 5 8 7 1 9 4 3 2
2 3 4 8 7 1 5 6 9
1 8 9 6 4 5 7 2 3
5 7 6 3 9 2 8 1 4
3 4 5 1 6 8 2 9 7
8 6 1 9 2 7 3 4 5
9 2 7 5 3 4 6 8 1

Solution #37:
7 1 2 4 8 3 9 5 6
4 9 3 2 5 6 1 7 8
6 5 8 7 1 9 4 3 2
2 3 4 8 7 1 5 6 9
1 8 9 6 4 5 7 2 3
5 7 6 3 9 2 8 1 4
3 4 7 5 6 8 2 9 1
8 6 1 9 2 7 3 4 5
9 2 5 1 3 4 6 8 7

Solution #38:
7 1 2 4 8 3 9 5 6
4 9 3 5 2 6 1 7 8
6 5 8 7 1 9 4 3 2
2 3 4 8 6 7 5 1 9
1 8 9 2 4 5 7 6 3
5 7 6 3 9 1 8 2 4
3 4 7 6 5 8 2 9 1
8 6 1 9 7 2 3 4 5
9 2 5 1 3 4 6 8 7

Solution #39:
7 1 3 2 8 4 6 5 9
4 9 2 3 5 6 1 7 8
6 5 8 7 1 9 4 3 2
2 8 4 6 9 3 5 1 7
1 7 5 8 4 2 9 6 3
9 3 6 1 7 5 8 2 4
3 4 7 5 6 8 2 9 1
8 6 1 9 2 7 3 4 5
5 2 9 4 3 1 7 8 6

Solution #40:
7 1 3 2 8 4 6 5 9
4 9 8 3 5 6 1 7 2
6 5 2 7 1 9 4 3 8
2 8 4 6 9 3 5 1 7
1 7 5 8 4 2 9 6 3
9 3 6 1 7 5 8 2 4
3 4 7 5 6 8 2 9 1
8 6 1 9 2 7 3 4 5
5 2 9 4 3 1 7 8 6

Solution #41:
7 1 3 4 8 2 9 5 6
4 9 2 3 5 6 1 7 8
6 5 8 7 1 9 4 3 2
2 3 4 8 7 1 5 6 9
1 8 9 6 4 5 7 2 3
5 7 6 2 9 3 8 1 4
3 4 5 1 6 8 2 9 7
8 6 1 9 2 7 3 4 5
9 2 7 5 3 4 6 8 1

Solution #42:
7 1 3 4 8 2 9 5 6
4 9 2 3 5 6 1 7 8
6 5 8 7 1 9 4 3 2
2 3 4 8 7 1 5 6 9
1 8 9 6 4 5 7 2 3
5 7 6 2 9 3 8 1 4
3 4 7 5 6 8 2 9 1
8 6 1 9 2 7 3 4 5
9 2 5 1 3 4 6 8 7

Solution #43:
7 1 3 4 8 2 9 5 6
4 9 2 3 5 6 1 7 8
6 5 8 7 1 9 4 3 2
2 3 4 8 7 1 5 6 9
1 8 9 6 4 5 7 2 3
5 7 6 9 2 3 8 1 4
3 4 5 1 6 8 2 9 7
8 6 1 2 9 7 3 4 5
9 2 7 5 3 4 6 8 1

Solution #44:
7 1 3 4 8 2 9 5 6
4 9 2 3 5 6 1 7 8
6 5 8 7 1 9 4 3 2
2 3 4 8 7 1 5 6 9
1 8 9 6 4 5 7 2 3
5 7 6 9 2 3 8 1 4
3 4 7 5 6 8 2 9 1
8 6 1 2 9 7 3 4 5
9 2 5 1 3 4 6 8 7

Solution #45:
7 1 3 4 8 2 9 5 6
4 9 8 3 5 6 1 7 2
6 5 2 7 1 9 4 3 8
2 3 4 8 7 1 5 6 9
1 8 9 6 4 5 7 2 3
5 7 6 2 9 3 8 1 4
3 4 5 1 6 8 2 9 7
8 6 1 9 2 7 3 4 5
9 2 7 5 3 4 6 8 1

Solution #46:
7 1 3 4 8 2 9 5 6
4 9 8 3 5 6 1 7 2
6 5 2 7 1 9 4 3 8
2 3 4 8 7 1 5 6 9
1 8 9 6 4 5 7 2 3
5 7 6 2 9 3 8 1 4
3 4 7 5 6 8 2 9 1
8 6 1 9 2 7 3 4 5
9 2 5 1 3 4 6 8 7

Solution #47:
7 1 3 4 8 2 9 5 6
4 9 8 3 5 6 1 7 2
6 5 2 7 1 9 4 3 8
2 3 4 8 7 1 5 6 9
1 8 9 6 4 5 7 2 3
5 7 6 9 2 3 8 1 4
3 4 5 1 6 8 2 9 7
8 6 1 2 9 7 3 4 5
9 2 7 5 3 4 6 8 1

Solution #48:
7 1 3 4 8 2 9 5 6
4 9 8 3 5 6 1 7 2
6 5 2 7 1 9 4 3 8
2 3 4 8 7 1 5 6 9
1 8 9 6 4 5 7 2 3
5 7 6 9 2 3 8 1 4
3 4 7 5 6 8 2 9 1
8 6 1 2 9 7 3 4 5
9 2 5 1 3 4 6 8 7

