Sudoku: loading SDK file: sdk/mod/difficult1M.sdk...

#sdk/mod/difficult1M.sdk
#changed (7,7) (7,8) (8,7) were '-'
5 - - - - 4 3 - - 
- - 3 - 7 - - 1 - 
- - - - 8 - - - 6 
3 - - - - 6 - 8 - 
- - 7 - - - 5 - - 
- 4 - 2 - - - - 9 
8 - - - 6 - - - - 
- 6 - - 5 - 7 3 8 
- - 9 3 - - - 4 2 
27 cells given

tactic_1_only_num_for_cell start.....
        3 cells done: 
        8 cells done: 
        4 cells done: 
        7 cells done: 
        14 cells done: 
        11 cells done: 
        7 cells done: 
:TOTAL 54 cells done.

5 8 6 1 2 4 3 9 7 
4 2 3 6 7 9 8 1 5 
9 7 1 5 8 3 4 2 6 
3 1 5 7 9 6 2 8 4 
2 9 7 8 4 1 5 6 3 
6 4 8 2 3 5 1 7 9 
8 3 2 4 6 7 9 5 1 
1 6 4 9 5 2 7 3 8 
7 5 9 3 1 8 6 4 2 

solved! I filled 54 cells.


Sudoku: loading SDK file: sdk/mod/problem1M.sdk...

#sdk/mod/problem1M.sdk
#problem 1 (24 given numbers)
#modified (0,1): '2' => '-'
- - - - 8 - - - - 
- 9 - - - 6 1 7 - 
- 5 - 7 - 9 - - - 
- - 4 - - - 5 - - 
1 - - - 4 - - - 3 
- - 6 - - - 8 - - 
- - - - - 8 - 9 - 
- 6 1 - - - - 4 5 
- 2 - - 3 - - - - 
23 cells given

tactic_1_only_num_for_cell start.....
tactic_2_only_cell_in_nn start.....
        6 cells done: 
        3 cells done: 
tactic_3_all_canbe_in_row_or_col start.....
tactic_4a_all_empty_cell_in_box start.....
tactic_4b_all_empty_cell_in_row_or_column start.....
tactic_5_complement start.....
tactic_6_alternative_ok_cells start.....
start1
start2
"Tactic6: [(0,0)(0,1)(0,2)[[4])], (0,5)(0,6)(0,8)[[5])], (0,0)(0,2)[[6])], (0,3)(0,5)(0,8)[[9])]]"

end
:TOTAL 9 cells done.

tactic_1_only_num_for_cell start.....
tactic_2_only_cell_in_nn start.....
tactic_3_all_canbe_in_row_or_col start.....
tactic_4a_all_empty_cell_in_box start.....
tactic_4b_all_empty_cell_in_row_or_column start.....
tactic_5_complement start.....
tactic_6_alternative_ok_cells start.....
start1
start2
"Tactic6: [(0,0)(0,1)(0,2)[[4])], (0,5)(0,6)(0,8)[[5])], (0,0)(0,2)[[6])], (0,3)(0,5)(0,8)[[9])]]"

end
:TOTAL 0 cells done.

- 1 - - 8 - - 5 - 
- 9 - - - 6 1 7 - 
- 5 - 7 1 9 - 3 - 
- - 4 - - - 5 - - 
1 - - - 4 - - - 3 
- - 6 - - - 8 - 4 
- 4 - - - 8 - 9 - 
8 6 1 - - - 3 4 5 
- 2 - - 3 - - 8 - 

XXXXX incomplete. I filled 9 cells. 
49 cells remains


Sudoku: loading SDK file: sdk/mod/problem1N.sdk...

#sdk/mod/problem1N.sdk
#problem 1 (24 given numbers)
#modified (0,1): '2' => '-'
#modified (8,8): '-' => '8'
#can't solve
- - - - 8 - - - - 
- 9 - - - 6 1 7 - 
- 5 - 7 - 9 - - - 
- - 4 - - - 5 - - 
1 - - - 4 - - - 3 
- - 6 - - - 8 - - 
- - - - - 8 - 9 - 
- 6 1 - - - - 4 5 
- 2 - - 3 - - - 8 
24 cells given

tactic_1_only_num_for_cell start.....
tactic_2_only_cell_in_nn start.....
        8 cells done: 
        1 cells done: 
tactic_3_all_canbe_in_row_or_col start.....
